2025-09-02 17:26:37 [INFO] [Multiverse-Core] - Version 2.4-b527 (API v14) Enabled - By Rigby, fernferret, lithium3141 and main--
2025-09-02 17:26:37 [INFO] [Multiverse-Core] Loading World & Settings - 'world' - Env: NORMAL - Type: NORMAL & seed: 3413096383872671809
2025-09-02 17:26:37 [INFO] [Multiverse-Core] Loading World & Settings - 'world_nether' - Env: NETHER - Type: NORMAL & seed: 3413096383872671809
2025-09-02 17:26:37 [INFO] [Multiverse-Core] Loading World & Settings - 'world_the_end' - Env: THE_END - Type: NORMAL & seed: 3413096383872671809
2025-09-02 17:26:37 [INFO] [Multiverse-Core] Loading World & Settings - 'world' - Env: NORMAL - Type: NORMAL & seed: 3413096383872671809
2025-09-02 17:26:37 [INFO] [Multiverse-Core] Loading World & Settings - 'world_nether' - Env: NETHER - Type: NORMAL & seed: 3413096383872671809
2025-09-02 17:26:37 [INFO] [Multiverse-Core] Loading World & Settings - 'world_the_end' - Env: THE_END - Type: NORMAL & seed: 3413096383872671809
2025-09-02 17:26:37 [INFO] [Multiverse-Core] 3 - World(s) loaded.
2025-09-02 17:28:34 [INFO] [Multiverse-Core] Loading World & Settings - 'new' - Env: NORMAL - Type: NORMAL
2025-09-02 17:28:43 [WARNING] [Multiverse-Core] Spawn location from world.dat file was unsafe. Adjusting...
2025-09-02 17:28:43 [WARNING] [Multiverse-Core] Original Location: X: 0 Y: 0 Z: 0 P: 0 Y: 0 
2025-09-02 17:28:43 [INFO] [Multiverse-Core] New Spawn for 'new' is Located at: new:0.00,86.00,0.00:0.00:0.00
2025-09-03 13:06:19 [INFO] [Multiverse-Core] - Version 2.4-b527 (API v14) Enabled - By Rigby, fernferret, lithium3141 and main--
2025-09-03 13:06:19 [INFO] [Multiverse-Core] Loading World & Settings - 'world' - Env: NORMAL - Type: NORMAL & seed: 3413096383872671809
2025-09-03 13:06:19 [INFO] [Multiverse-Core] Loading World & Settings - 'world_nether' - Env: NETHER - Type: NORMAL & seed: 3413096383872671809
2025-09-03 13:06:19 [INFO] [Multiverse-Core] Loading World & Settings - 'world_the_end' - Env: THE_END - Type: NORMAL & seed: 3413096383872671809
2025-09-03 13:06:19 [INFO] [Multiverse-Core] Loading World & Settings - 'new' - Env: NORMAL - Type: NORMAL & seed: 6961511716683689128
2025-09-03 13:06:20 [INFO] [Multiverse-Core] 4 - World(s) loaded.
2025-09-03 16:35:38 [INFO] [Multiverse-Core] - Version 2.4-b527 (API v14) Enabled - By Rigby, fernferret, lithium3141 and main--
2025-09-03 16:35:38 [INFO] [Multiverse-Core] Loading World & Settings - 'world' - Env: NORMAL - Type: NORMAL & seed: 3413096383872671809
2025-09-03 16:35:38 [INFO] [Multiverse-Core] Loading World & Settings - 'world_nether' - Env: NETHER - Type: NORMAL & seed: 3413096383872671809
2025-09-03 16:35:38 [INFO] [Multiverse-Core] Loading World & Settings - 'world_the_end' - Env: THE_END - Type: NORMAL & seed: 3413096383872671809
2025-09-03 16:35:38 [INFO] [Multiverse-Core] Loading World & Settings - 'new' - Env: NORMAL - Type: NORMAL & seed: 6961511716683689128
2025-09-03 16:35:40 [INFO] [Multiverse-Core] 4 - World(s) loaded.
2025-09-03 17:10:57 [INFO] [Multiverse-Core] - Version 2.4-b527 (API v14) Enabled - By Rigby, fernferret, lithium3141 and main--
2025-09-03 17:10:57 [INFO] [Multiverse-Core] Loading World & Settings - 'world' - Env: NORMAL - Type: NORMAL & seed: 3413096383872671809
2025-09-03 17:10:57 [INFO] [Multiverse-Core] Loading World & Settings - 'world_nether' - Env: NETHER - Type: NORMAL & seed: 3413096383872671809
2025-09-03 17:10:57 [INFO] [Multiverse-Core] Loading World & Settings - 'world_the_end' - Env: THE_END - Type: NORMAL & seed: 3413096383872671809
2025-09-03 17:10:57 [INFO] [Multiverse-Core] Loading World & Settings - 'new' - Env: NORMAL - Type: NORMAL & seed: 6961511716683689128
2025-09-03 17:10:58 [INFO] [Multiverse-Core] 4 - World(s) loaded.
2025-09-03 17:16:02 [INFO] [Multiverse-Core] - Version 2.4-b527 (API v14) Enabled - By Rigby, fernferret, lithium3141 and main--
2025-09-03 17:16:02 [INFO] [Multiverse-Core] Loading World & Settings - 'world' - Env: NORMAL - Type: NORMAL & seed: 3413096383872671809
2025-09-03 17:16:02 [INFO] [Multiverse-Core] Loading World & Settings - 'world_nether' - Env: NETHER - Type: NORMAL & seed: 3413096383872671809
2025-09-03 17:16:02 [INFO] [Multiverse-Core] Loading World & Settings - 'world_the_end' - Env: THE_END - Type: NORMAL & seed: 3413096383872671809
2025-09-03 17:16:02 [INFO] [Multiverse-Core] Loading World & Settings - 'new' - Env: NORMAL - Type: NORMAL & seed: 6961511716683689128
2025-09-03 17:16:03 [INFO] [Multiverse-Core] 4 - World(s) loaded.
2025-09-04 15:47:29 [INFO] [Multiverse-Core] - Version 2.4-b527 (API v14) Enabled - By Rigby, fernferret, lithium3141 and main--
2025-09-04 15:47:30 [INFO] [Multiverse-Core] Loading World & Settings - 'world' - Env: NORMAL - Type: NORMAL & seed: 3413096383872671809
2025-09-04 15:47:30 [INFO] [Multiverse-Core] Loading World & Settings - 'world_nether' - Env: NETHER - Type: NORMAL & seed: 3413096383872671809
2025-09-04 15:47:30 [INFO] [Multiverse-Core] Loading World & Settings - 'world_the_end' - Env: THE_END - Type: NORMAL & seed: 3413096383872671809
2025-09-04 15:47:30 [INFO] [Multiverse-Core] Loading World & Settings - 'new' - Env: NORMAL - Type: NORMAL & seed: 6961511716683689128
2025-09-04 15:47:30 [INFO] [Multiverse-Core] 4 - World(s) loaded.
2025-09-04 16:28:24 [INFO] [Multiverse-Core] Loading World & Settings - 'ride' - Env: NORMAL - Type: FLAT
2025-09-04 16:28:24 [WARNING] [Multiverse-Core] Spawn location from world.dat file was unsafe. Adjusting...
2025-09-04 16:28:24 [WARNING] [Multiverse-Core] Original Location: X: 0 Y: 0 Z: 0 P: 0 Y: 0 
2025-09-04 16:28:24 [INFO] [Multiverse-Core] New Spawn for 'ride' is Located at: ride:1.50,4.00,0.50:0.00:0.00
2025-09-04 17:32:19 [INFO] [Multiverse-Core] - Version 2.4-b527 (API v14) Enabled - By Rigby, fernferret, lithium3141 and main--
2025-09-04 17:32:19 [INFO] [Multiverse-Core] Loading World & Settings - 'world' - Env: NORMAL - Type: NORMAL & seed: 3413096383872671809
2025-09-04 17:32:19 [INFO] [Multiverse-Core] Loading World & Settings - 'world_nether' - Env: NETHER - Type: NORMAL & seed: 3413096383872671809
2025-09-04 17:32:19 [INFO] [Multiverse-Core] Loading World & Settings - 'world_the_end' - Env: THE_END - Type: NORMAL & seed: 3413096383872671809
2025-09-04 17:32:19 [INFO] [Multiverse-Core] Loading World & Settings - 'new' - Env: NORMAL - Type: NORMAL & seed: 6961511716683689128
2025-09-04 17:32:20 [INFO] [Multiverse-Core] Loading World & Settings - 'ride' - Env: NORMAL - Type: FLAT & seed: -7941635933418503908
2025-09-04 17:32:21 [INFO] [Multiverse-Core] 5 - World(s) loaded.
2025-09-04 17:55:27 [INFO] [Multiverse-Core] - Version 2.4-b527 (API v14) Enabled - By Rigby, fernferret, lithium3141 and main--
2025-09-04 17:55:27 [INFO] [Multiverse-Core] Loading World & Settings - 'world' - Env: NORMAL - Type: NORMAL & seed: 3413096383872671809
2025-09-04 17:55:27 [INFO] [Multiverse-Core] Loading World & Settings - 'world_nether' - Env: NETHER - Type: NORMAL & seed: 3413096383872671809
2025-09-04 17:55:27 [INFO] [Multiverse-Core] Loading World & Settings - 'world_the_end' - Env: THE_END - Type: NORMAL & seed: 3413096383872671809
2025-09-04 17:55:27 [INFO] [Multiverse-Core] Loading World & Settings - 'new' - Env: NORMAL - Type: NORMAL & seed: 6961511716683689128
2025-09-04 17:55:28 [INFO] [Multiverse-Core] Loading World & Settings - 'ride' - Env: NORMAL - Type: FLAT & seed: -7941635933418503908
2025-09-04 17:55:28 [INFO] [Multiverse-Core] 5 - World(s) loaded.
2025-09-05 13:05:28 [INFO] [Multiverse-Core] - Version 2.4-b527 (API v14) Enabled - By Rigby, fernferret, lithium3141 and main--
2025-09-05 13:05:28 [INFO] [Multiverse-Core] Loading World & Settings - 'world' - Env: NORMAL - Type: NORMAL & seed: 3413096383872671809
2025-09-05 13:05:28 [INFO] [Multiverse-Core] Loading World & Settings - 'world_nether' - Env: NETHER - Type: NORMAL & seed: 3413096383872671809
2025-09-05 13:05:28 [INFO] [Multiverse-Core] Loading World & Settings - 'world_the_end' - Env: THE_END - Type: NORMAL & seed: 3413096383872671809
2025-09-05 13:05:28 [INFO] [Multiverse-Core] Loading World & Settings - 'new' - Env: NORMAL - Type: NORMAL & seed: 6961511716683689128
2025-09-05 13:05:29 [INFO] [Multiverse-Core] Loading World & Settings - 'ride' - Env: NORMAL - Type: FLAT & seed: -7941635933418503908
2025-09-05 13:05:29 [INFO] [Multiverse-Core] 5 - World(s) loaded.
2025-09-05 13:52:35 [INFO] [Multiverse-Core] - Version 2.4-b527 (API v14) Enabled - By Rigby, fernferret, lithium3141 and main--
2025-09-05 13:52:35 [INFO] [Multiverse-Core] Loading World & Settings - 'world' - Env: NORMAL - Type: NORMAL & seed: 3413096383872671809
2025-09-05 13:52:35 [INFO] [Multiverse-Core] Loading World & Settings - 'world_nether' - Env: NETHER - Type: NORMAL & seed: 3413096383872671809
2025-09-05 13:52:35 [INFO] [Multiverse-Core] Loading World & Settings - 'world_the_end' - Env: THE_END - Type: NORMAL & seed: 3413096383872671809
2025-09-05 13:52:35 [INFO] [Multiverse-Core] Loading World & Settings - 'new' - Env: NORMAL - Type: NORMAL & seed: 6961511716683689128
2025-09-05 13:52:37 [INFO] [Multiverse-Core] Loading World & Settings - 'ride' - Env: NORMAL - Type: FLAT & seed: -7941635933418503908
2025-09-05 13:52:37 [INFO] [Multiverse-Core] 5 - World(s) loaded.
2025-09-08 11:29:23 [INFO] [Multiverse-Core] - Version 2.4-b527 (API v14) Enabled - By Rigby, fernferret, lithium3141 and main--
2025-09-08 11:29:23 [INFO] [Multiverse-Core] Loading World & Settings - 'world' - Env: NORMAL - Type: NORMAL & seed: 3413096383872671809
2025-09-08 11:29:23 [INFO] [Multiverse-Core] Loading World & Settings - 'world_nether' - Env: NETHER - Type: NORMAL & seed: 3413096383872671809
2025-09-08 11:29:23 [INFO] [Multiverse-Core] Loading World & Settings - 'world_the_end' - Env: THE_END - Type: NORMAL & seed: 3413096383872671809
2025-09-08 11:29:23 [INFO] [Multiverse-Core] Loading World & Settings - 'new' - Env: NORMAL - Type: NORMAL & seed: 6961511716683689128
2025-09-08 11:29:24 [INFO] [Multiverse-Core] Loading World & Settings - 'ride' - Env: NORMAL - Type: FLAT & seed: -7941635933418503908
2025-09-08 11:29:24 [INFO] [Multiverse-Core] 5 - World(s) loaded.
2025-09-09 13:02:46 [INFO] [Multiverse-Core] - Version 2.4-b527 (API v14) Enabled - By Rigby, fernferret, lithium3141 and main--
2025-09-09 13:02:46 [INFO] [Multiverse-Core] Loading World & Settings - 'world' - Env: NORMAL - Type: NORMAL & seed: 3413096383872671809
2025-09-09 13:02:46 [INFO] [Multiverse-Core] Loading World & Settings - 'world_nether' - Env: NETHER - Type: NORMAL & seed: 3413096383872671809
2025-09-09 13:02:46 [INFO] [Multiverse-Core] Loading World & Settings - 'world_the_end' - Env: THE_END - Type: NORMAL & seed: 3413096383872671809
2025-09-09 13:02:47 [INFO] [Multiverse-Core] Loading World & Settings - 'new' - Env: NORMAL - Type: NORMAL & seed: 6961511716683689128
2025-09-09 13:02:48 [INFO] [Multiverse-Core] Loading World & Settings - 'ride' - Env: NORMAL - Type: FLAT & seed: -7941635933418503908
2025-09-09 13:02:48 [INFO] [Multiverse-Core] 5 - World(s) loaded.
2025-09-09 14:17:29 [INFO] [Multiverse-Core] - Version 2.4-b527 (API v14) Enabled - By Rigby, fernferret, lithium3141 and main--
2025-09-09 14:17:29 [INFO] [Multiverse-Core] Loading World & Settings - 'world' - Env: NORMAL - Type: NORMAL & seed: 3413096383872671809
2025-09-09 14:17:29 [INFO] [Multiverse-Core] Loading World & Settings - 'world_nether' - Env: NETHER - Type: NORMAL & seed: 3413096383872671809
2025-09-09 14:17:29 [INFO] [Multiverse-Core] Loading World & Settings - 'world_the_end' - Env: THE_END - Type: NORMAL & seed: 3413096383872671809
2025-09-09 14:17:29 [INFO] [Multiverse-Core] Loading World & Settings - 'new' - Env: NORMAL - Type: NORMAL & seed: 6961511716683689128
2025-09-09 14:17:30 [INFO] [Multiverse-Core] Loading World & Settings - 'ride' - Env: NORMAL - Type: FLAT & seed: -7941635933418503908
2025-09-09 14:17:31 [INFO] [Multiverse-Core] 5 - World(s) loaded.
2025-09-09 16:27:59 [INFO] [Multiverse-Core] - Version 2.4-b527 (API v14) Enabled - By Rigby, fernferret, lithium3141 and main--
2025-09-09 16:27:59 [INFO] [Multiverse-Core] Loading World & Settings - 'world' - Env: NORMAL - Type: NORMAL & seed: 3413096383872671809
2025-09-09 16:27:59 [INFO] [Multiverse-Core] Loading World & Settings - 'world_nether' - Env: NETHER - Type: NORMAL & seed: 3413096383872671809
2025-09-09 16:27:59 [INFO] [Multiverse-Core] Loading World & Settings - 'world_the_end' - Env: THE_END - Type: NORMAL & seed: 3413096383872671809
2025-09-09 16:27:59 [INFO] [Multiverse-Core] Loading World & Settings - 'new' - Env: NORMAL - Type: NORMAL & seed: 6961511716683689128
2025-09-09 16:28:01 [INFO] [Multiverse-Core] Loading World & Settings - 'ride' - Env: NORMAL - Type: FLAT & seed: -7941635933418503908
2025-09-09 16:28:01 [INFO] [Multiverse-Core] 5 - World(s) loaded.
2025-09-09 16:29:25 [INFO] [Multiverse-Core] - Version 2.4-b527 (API v14) Enabled - By Rigby, fernferret, lithium3141 and main--
2025-09-09 16:29:26 [INFO] [Multiverse-Core] Loading World & Settings - 'world' - Env: NORMAL - Type: NORMAL & seed: 3413096383872671809
2025-09-09 16:29:26 [INFO] [Multiverse-Core] Loading World & Settings - 'world_nether' - Env: NETHER - Type: NORMAL & seed: 3413096383872671809
2025-09-09 16:29:26 [INFO] [Multiverse-Core] Loading World & Settings - 'world_the_end' - Env: THE_END - Type: NORMAL & seed: 3413096383872671809
2025-09-09 16:29:26 [INFO] [Multiverse-Core] Loading World & Settings - 'new' - Env: NORMAL - Type: NORMAL & seed: 6961511716683689128
2025-09-09 16:29:27 [INFO] [Multiverse-Core] Loading World & Settings - 'ride' - Env: NORMAL - Type: FLAT & seed: -7941635933418503908
2025-09-09 16:29:27 [INFO] [Multiverse-Core] 5 - World(s) loaded.
2025-09-10 11:49:52 [INFO] [Multiverse-Core] - Version 2.4-b527 (API v14) Enabled - By Rigby, fernferret, lithium3141 and main--
2025-09-10 11:49:52 [INFO] [Multiverse-Core] Loading World & Settings - 'world' - Env: NORMAL - Type: NORMAL & seed: 3413096383872671809
2025-09-10 11:49:52 [INFO] [Multiverse-Core] Loading World & Settings - 'world_nether' - Env: NETHER - Type: NORMAL & seed: 3413096383872671809
2025-09-10 11:49:53 [INFO] [Multiverse-Core] Loading World & Settings - 'world_the_end' - Env: THE_END - Type: NORMAL & seed: 3413096383872671809
2025-09-10 11:49:53 [INFO] [Multiverse-Core] Loading World & Settings - 'new' - Env: NORMAL - Type: NORMAL & seed: 6961511716683689128
2025-09-10 11:49:54 [INFO] [Multiverse-Core] Loading World & Settings - 'ride' - Env: NORMAL - Type: FLAT & seed: -7941635933418503908
2025-09-10 11:49:54 [INFO] [Multiverse-Core] 5 - World(s) loaded.
2025-09-10 15:46:28 [INFO] [Multiverse-Core] - Version 2.4-b527 (API v14) Enabled - By Rigby, fernferret, lithium3141 and main--
2025-09-10 15:46:28 [INFO] [Multiverse-Core] Loading World & Settings - 'world' - Env: NORMAL - Type: NORMAL & seed: 3413096383872671809
2025-09-10 15:46:28 [INFO] [Multiverse-Core] Loading World & Settings - 'world_nether' - Env: NETHER - Type: NORMAL & seed: 3413096383872671809
2025-09-10 15:46:28 [INFO] [Multiverse-Core] Loading World & Settings - 'world_the_end' - Env: THE_END - Type: NORMAL & seed: 3413096383872671809
2025-09-10 15:46:28 [INFO] [Multiverse-Core] Loading World & Settings - 'new' - Env: NORMAL - Type: NORMAL & seed: 6961511716683689128
2025-09-10 15:46:30 [INFO] [Multiverse-Core] Loading World & Settings - 'ride' - Env: NORMAL - Type: FLAT & seed: -7941635933418503908
2025-09-10 15:46:30 [INFO] [Multiverse-Core] 5 - World(s) loaded.
2025-09-10 16:54:29 [INFO] [Multiverse-Core] - Version 2.4-b527 (API v14) Enabled - By Rigby, fernferret, lithium3141 and main--
2025-09-10 16:54:29 [INFO] [Multiverse-Core] Loading World & Settings - 'world' - Env: NORMAL - Type: NORMAL & seed: 3413096383872671809
2025-09-10 16:54:30 [INFO] [Multiverse-Core] Loading World & Settings - 'world_nether' - Env: NETHER - Type: NORMAL & seed: 3413096383872671809
2025-09-10 16:54:30 [INFO] [Multiverse-Core] Loading World & Settings - 'world_the_end' - Env: THE_END - Type: NORMAL & seed: 3413096383872671809
2025-09-10 16:54:31 [INFO] [Multiverse-Core] Loading World & Settings - 'new' - Env: NORMAL - Type: NORMAL & seed: 6961511716683689128
2025-09-10 16:54:31 [INFO] [Multiverse-Core] Loading World & Settings - 'ride' - Env: NORMAL - Type: FLAT & seed: -7941635933418503908
2025-09-10 16:54:31 [INFO] [Multiverse-Core] 5 - World(s) loaded.
2025-09-11 12:30:23 [INFO] [Multiverse-Core] - Version 2.4-b527 (API v14) Enabled - By Rigby, fernferret, lithium3141 and main--
2025-09-11 12:30:23 [INFO] [Multiverse-Core] Loading World & Settings - 'world' - Env: NORMAL - Type: NORMAL & seed: 3413096383872671809
2025-09-11 12:30:23 [INFO] [Multiverse-Core] Loading World & Settings - 'world_nether' - Env: NETHER - Type: NORMAL & seed: 3413096383872671809
2025-09-11 12:30:23 [INFO] [Multiverse-Core] Loading World & Settings - 'world_the_end' - Env: THE_END - Type: NORMAL & seed: 3413096383872671809
2025-09-11 12:30:23 [INFO] [Multiverse-Core] Loading World & Settings - 'new' - Env: NORMAL - Type: NORMAL & seed: 6961511716683689128
2025-09-11 12:30:24 [INFO] [Multiverse-Core] Loading World & Settings - 'ride' - Env: NORMAL - Type: FLAT & seed: -7941635933418503908
2025-09-11 12:30:24 [INFO] [Multiverse-Core] 5 - World(s) loaded.
2025-09-11 13:40:50 [INFO] [Multiverse-Core] - Version 2.4-b527 (API v14) Enabled - By Rigby, fernferret, lithium3141 and main--
2025-09-11 13:40:50 [INFO] [Multiverse-Core] Loading World & Settings - 'world' - Env: NORMAL - Type: NORMAL & seed: 3413096383872671809
2025-09-11 13:40:50 [INFO] [Multiverse-Core] Loading World & Settings - 'world_nether' - Env: NETHER - Type: NORMAL & seed: 3413096383872671809
2025-09-11 13:40:50 [INFO] [Multiverse-Core] Loading World & Settings - 'world_the_end' - Env: THE_END - Type: NORMAL & seed: 3413096383872671809
2025-09-11 13:40:50 [INFO] [Multiverse-Core] Loading World & Settings - 'new' - Env: NORMAL - Type: NORMAL & seed: 6961511716683689128
2025-09-11 13:40:51 [INFO] [Multiverse-Core] Loading World & Settings - 'ride' - Env: NORMAL - Type: FLAT & seed: -7941635933418503908
2025-09-11 13:40:52 [INFO] [Multiverse-Core] 5 - World(s) loaded.
2025-09-11 16:14:03 [INFO] [Multiverse-Core] - Version 2.4-b527 (API v14) Enabled - By Rigby, fernferret, lithium3141 and main--
2025-09-11 16:14:03 [INFO] [Multiverse-Core] Loading World & Settings - 'world' - Env: NORMAL - Type: NORMAL & seed: 3413096383872671809
2025-09-11 16:14:03 [INFO] [Multiverse-Core] Loading World & Settings - 'world_nether' - Env: NETHER - Type: NORMAL & seed: 3413096383872671809
2025-09-11 16:14:03 [INFO] [Multiverse-Core] Loading World & Settings - 'world_the_end' - Env: THE_END - Type: NORMAL & seed: 3413096383872671809
2025-09-11 16:14:03 [INFO] [Multiverse-Core] Loading World & Settings - 'new' - Env: NORMAL - Type: NORMAL & seed: 6961511716683689128
2025-09-11 16:14:05 [INFO] [Multiverse-Core] Loading World & Settings - 'ride' - Env: NORMAL - Type: FLAT & seed: -7941635933418503908
2025-09-11 16:14:06 [INFO] [Multiverse-Core] 5 - World(s) loaded.
2025-09-11 16:32:49 [INFO] [Multiverse-Core] - Version 2.4-b527 (API v14) Enabled - By Rigby, fernferret, lithium3141 and main--
2025-09-11 16:32:49 [INFO] [Multiverse-Core] Loading World & Settings - 'world' - Env: NORMAL - Type: NORMAL & seed: 3413096383872671809
2025-09-11 16:32:49 [INFO] [Multiverse-Core] Loading World & Settings - 'world_nether' - Env: NETHER - Type: NORMAL & seed: 3413096383872671809
2025-09-11 16:32:49 [INFO] [Multiverse-Core] Loading World & Settings - 'world_the_end' - Env: THE_END - Type: NORMAL & seed: 3413096383872671809
2025-09-11 16:32:49 [INFO] [Multiverse-Core] Loading World & Settings - 'new' - Env: NORMAL - Type: NORMAL & seed: 6961511716683689128
2025-09-11 16:32:50 [INFO] [Multiverse-Core] Loading World & Settings - 'ride' - Env: NORMAL - Type: FLAT & seed: -7941635933418503908
2025-09-11 16:32:50 [INFO] [Multiverse-Core] 5 - World(s) loaded.
2025-09-11 16:34:02 [INFO] [Multiverse-Core] - Version 2.4-b527 (API v14) Enabled - By Rigby, fernferret, lithium3141 and main--
2025-09-11 16:34:02 [INFO] [Multiverse-Core] Loading World & Settings - 'world' - Env: NORMAL - Type: NORMAL & seed: 3413096383872671809
2025-09-11 16:34:02 [INFO] [Multiverse-Core] Loading World & Settings - 'world_nether' - Env: NETHER - Type: NORMAL & seed: 3413096383872671809
2025-09-11 16:34:02 [INFO] [Multiverse-Core] Loading World & Settings - 'world_the_end' - Env: THE_END - Type: NORMAL & seed: 3413096383872671809
2025-09-11 16:34:02 [INFO] [Multiverse-Core] Loading World & Settings - 'new' - Env: NORMAL - Type: NORMAL & seed: 6961511716683689128
2025-09-11 16:34:03 [INFO] [Multiverse-Core] Loading World & Settings - 'ride' - Env: NORMAL - Type: FLAT & seed: -7941635933418503908
2025-09-11 16:34:03 [INFO] [Multiverse-Core] 5 - World(s) loaded.
2025-09-11 16:37:34 [INFO] [Multiverse-Core] - Version 2.4-b527 (API v14) Enabled - By Rigby, fernferret, lithium3141 and main--
2025-09-11 16:37:34 [INFO] [Multiverse-Core] Loading World & Settings - 'world' - Env: NORMAL - Type: NORMAL & seed: 3413096383872671809
2025-09-11 16:37:34 [INFO] [Multiverse-Core] Loading World & Settings - 'world_nether' - Env: NETHER - Type: NORMAL & seed: 3413096383872671809
2025-09-11 16:37:34 [INFO] [Multiverse-Core] Loading World & Settings - 'world_the_end' - Env: THE_END - Type: NORMAL & seed: 3413096383872671809
2025-09-11 16:37:34 [INFO] [Multiverse-Core] Loading World & Settings - 'new' - Env: NORMAL - Type: NORMAL & seed: 6961511716683689128
2025-09-11 16:37:35 [INFO] [Multiverse-Core] Loading World & Settings - 'ride' - Env: NORMAL - Type: FLAT & seed: -7941635933418503908
2025-09-11 16:37:35 [INFO] [Multiverse-Core] 5 - World(s) loaded.
2025-09-11 16:51:07 [INFO] [Multiverse-Core] - Version 2.4-b527 (API v14) Enabled - By Rigby, fernferret, lithium3141 and main--
2025-09-11 16:51:08 [INFO] [Multiverse-Core] Loading World & Settings - 'world' - Env: NORMAL - Type: NORMAL & seed: 3413096383872671809
2025-09-11 16:51:08 [INFO] [Multiverse-Core] Loading World & Settings - 'world_nether' - Env: NETHER - Type: NORMAL & seed: 3413096383872671809
2025-09-11 16:51:08 [INFO] [Multiverse-Core] Loading World & Settings - 'world_the_end' - Env: THE_END - Type: NORMAL & seed: 3413096383872671809
2025-09-11 16:51:08 [INFO] [Multiverse-Core] Loading World & Settings - 'new' - Env: NORMAL - Type: NORMAL & seed: 6961511716683689128
2025-09-11 16:51:09 [INFO] [Multiverse-Core] Loading World & Settings - 'ride' - Env: NORMAL - Type: FLAT & seed: -7941635933418503908
2025-09-11 16:51:09 [INFO] [Multiverse-Core] 5 - World(s) loaded.
2025-09-11 16:52:28 [INFO] [Multiverse-Core] - Version 2.4-b527 (API v14) Enabled - By Rigby, fernferret, lithium3141 and main--
2025-09-11 16:52:28 [INFO] [Multiverse-Core] Loading World & Settings - 'world' - Env: NORMAL - Type: NORMAL & seed: 3413096383872671809
2025-09-11 16:52:28 [INFO] [Multiverse-Core] Loading World & Settings - 'world_nether' - Env: NETHER - Type: NORMAL & seed: 3413096383872671809
2025-09-11 16:52:28 [INFO] [Multiverse-Core] Loading World & Settings - 'world_the_end' - Env: THE_END - Type: NORMAL & seed: 3413096383872671809
2025-09-11 16:52:28 [INFO] [Multiverse-Core] Loading World & Settings - 'new' - Env: NORMAL - Type: NORMAL & seed: 6961511716683689128
2025-09-11 16:52:29 [INFO] [Multiverse-Core] Loading World & Settings - 'ride' - Env: NORMAL - Type: FLAT & seed: -7941635933418503908
2025-09-11 16:52:30 [INFO] [Multiverse-Core] 5 - World(s) loaded.
2025-09-11 17:28:24 [INFO] [Multiverse-Core] - Version 2.4-b527 (API v14) Enabled - By Rigby, fernferret, lithium3141 and main--
2025-09-11 17:28:24 [INFO] [Multiverse-Core] Loading World & Settings - 'world' - Env: NORMAL - Type: NORMAL & seed: 3413096383872671809
2025-09-11 17:28:24 [INFO] [Multiverse-Core] Loading World & Settings - 'world_nether' - Env: NETHER - Type: NORMAL & seed: 3413096383872671809
2025-09-11 17:28:24 [INFO] [Multiverse-Core] Loading World & Settings - 'world_the_end' - Env: THE_END - Type: NORMAL & seed: 3413096383872671809
2025-09-11 17:28:24 [INFO] [Multiverse-Core] Loading World & Settings - 'new' - Env: NORMAL - Type: NORMAL & seed: 6961511716683689128
2025-09-11 17:28:25 [INFO] [Multiverse-Core] Loading World & Settings - 'ride' - Env: NORMAL - Type: FLAT & seed: -7941635933418503908
2025-09-11 17:28:25 [INFO] [Multiverse-Core] 5 - World(s) loaded.
2025-09-11 17:55:03 [WARNING] [Multiverse-Core] World 'world' could not be unloaded. Is it a default world?
2025-09-11 17:56:00 [INFO] [Multiverse-Core] - Version 2.4-b527 (API v14) Enabled - By Rigby, fernferret, lithium3141 and main--
2025-09-11 17:56:00 [INFO] [Multiverse-Core] Loading World & Settings - 'world' - Env: NORMAL - Type: NORMAL & seed: 3413096383872671809
2025-09-11 17:56:02 [INFO] [Multiverse-Core] Loading World & Settings - 'world_nether' - Env: NETHER - Type: NORMAL & seed: 3413096383872671809
2025-09-11 17:56:02 [INFO] [Multiverse-Core] Loading World & Settings - 'world_the_end' - Env: THE_END - Type: NORMAL & seed: 3413096383872671809
2025-09-11 17:56:02 [INFO] [Multiverse-Core] Loading World & Settings - 'new' - Env: NORMAL - Type: NORMAL & seed: 6961511716683689128
2025-09-11 17:56:03 [INFO] [Multiverse-Core] Loading World & Settings - 'ride' - Env: NORMAL - Type: FLAT & seed: -7941635933418503908
2025-09-11 17:56:03 [INFO] [Multiverse-Core] 5 - World(s) loaded.
2025-09-11 17:57:08 [WARNING] [Multiverse-Core] World 'world' could not be unloaded. Is it a default world?
2025-09-11 18:00:42 [INFO] [Multiverse-Core] World 'ride' was unloaded from memory.
2025-09-11 18:00:42 [INFO] [Multiverse-Core] World 'ride' was removed from config.yml
2025-09-11 18:00:42 [INFO] [Multiverse-Core] World ride was DELETED.
2025-09-11 18:01:21 [WARNING] [Multiverse-Core] World 'world_the_end' could not be unloaded. Is it a default world?
2025-09-12 11:25:38 [INFO] [Multiverse-Core] - Version 2.4-b527 (API v14) Enabled - By Rigby, fernferret, lithium3141 and main--
2025-09-12 11:25:38 [INFO] [Multiverse-Core] Loading World & Settings - 'world' - Env: NORMAL - Type: NORMAL & seed: 5146159088207717555
2025-09-12 11:25:38 [INFO] [Multiverse-Core] Loading World & Settings - 'world_nether' - Env: NETHER - Type: NORMAL & seed: 3413096383872671809
2025-09-12 11:25:38 [INFO] [Multiverse-Core] Loading World & Settings - 'world_the_end' - Env: THE_END - Type: NORMAL & seed: 3413096383872671809
2025-09-12 11:25:38 [INFO] [Multiverse-Core] Loading World & Settings - 'new' - Env: NORMAL - Type: NORMAL & seed: 6961511716683689128
2025-09-12 11:25:40 [INFO] [Multiverse-Core] 4 - World(s) loaded.
2025-09-12 15:40:23 [INFO] [Multiverse-Core] - Version 2.4-b527 (API v14) Enabled - By Rigby, fernferret, lithium3141 and main--
2025-09-12 15:40:24 [INFO] [Multiverse-Core] Loading World & Settings - 'world' - Env: NORMAL - Type: NORMAL & seed: 5146159088207717555
2025-09-12 15:40:24 [INFO] [Multiverse-Core] Loading World & Settings - 'world_nether' - Env: NETHER - Type: NORMAL & seed: 3413096383872671809
2025-09-12 15:40:24 [INFO] [Multiverse-Core] Loading World & Settings - 'world_the_end' - Env: THE_END - Type: NORMAL & seed: 3413096383872671809
2025-09-12 15:40:24 [INFO] [Multiverse-Core] Loading World & Settings - 'new' - Env: NORMAL - Type: NORMAL & seed: 6961511716683689128
2025-09-12 15:40:25 [INFO] [Multiverse-Core] 4 - World(s) loaded.
2025-09-13 03:04:30 [INFO] [Multiverse-Core] - Version 2.4-b527 (API v14) Enabled - By Rigby, fernferret, lithium3141 and main--
2025-09-13 03:04:30 [INFO] [Multiverse-Core] Loading World & Settings - 'world' - Env: NORMAL - Type: NORMAL & seed: 5146159088207717555
2025-09-13 03:04:30 [INFO] [Multiverse-Core] Loading World & Settings - 'world_nether' - Env: NETHER - Type: NORMAL & seed: 3413096383872671809
2025-09-13 03:04:30 [INFO] [Multiverse-Core] Loading World & Settings - 'world_the_end' - Env: THE_END - Type: NORMAL & seed: 3413096383872671809
2025-09-13 03:04:30 [INFO] [Multiverse-Core] Loading World & Settings - 'new' - Env: NORMAL - Type: NORMAL & seed: 6961511716683689128
2025-09-13 03:04:32 [INFO] [Multiverse-Core] 4 - World(s) loaded.
2025-09-13 03:12:21 [INFO] [Multiverse-Core] - Version 2.4-b527 (API v14) Enabled - By Rigby, fernferret, lithium3141 and main--
2025-09-13 03:12:21 [INFO] [Multiverse-Core] Loading World & Settings - 'world' - Env: NORMAL - Type: NORMAL & seed: 5146159088207717555
2025-09-13 03:12:21 [INFO] [Multiverse-Core] Loading World & Settings - 'world_nether' - Env: NETHER - Type: NORMAL & seed: 3413096383872671809
2025-09-13 03:12:22 [INFO] [Multiverse-Core] Loading World & Settings - 'world_the_end' - Env: THE_END - Type: NORMAL & seed: 3413096383872671809
2025-09-13 03:12:22 [INFO] [Multiverse-Core] Loading World & Settings - 'new' - Env: NORMAL - Type: NORMAL & seed: 6961511716683689128
2025-09-13 03:12:23 [INFO] [Multiverse-Core] 4 - World(s) loaded.
